This file contains any messages produced by compilers while
running configure, to aid debugging if configure makes a mistake.

It was created by libnfc configure 1.7.1, which was
generated by GNU Autoconf 2.69.  Invocation command line was

  $ ./configure --with-drivers=all --sysconfdir=/etc --prefix=/usr

## --------- ##
## Platform. ##
## --------- ##

hostname = raspberrypi
uname -m = armv7l
uname -r = 4.9.80-v7+
uname -s = Linux
uname -v = #1098 SMP Fri Mar 9 19:11:42 GMT 2018

/usr/bin/uname -p = unknown
/bin/uname -X     = unknown

/bin/arch              = unknown
/usr/bin/arch -k       = unknown
/usr/convex/getsysinfo = unknown
/usr/bin/hostinfo      = unknown
/bin/machine           = unknown
/usr/bin/oslevel       = unknown
/bin/universe          = unknown

PATH: /usr/local/sbin
PATH: /usr/local/bin
PATH: /usr/sbin
PATH: /usr/bin
PATH: /sbin
PATH: /bin


## ----------- ##
## Core tests. ##
## ----------- ##

configure:2565: checking for a BSD-compatible install
configure:2633: result: /usr/bin/install -c
configure:2644: checking whether build environment is sane
configure:2699: result: yes
configure:2850: checking for a thread-safe mkdir -p
configure:2889: result: /bin/mkdir -p
configure:2896: checking for gawk
configure:2926: result: no
configure:2896: checking for mawk
configure:2912: found /usr/bin/mawk
configure:2923: result: mawk
configure:2934: checking whether make sets $(MAKE)
configure:2956: result: yes
configure:2985: checking whether make supports nested variables
configure:3002: result: yes
configure:3140: checking for style of include used by make
configure:3168: result: GNU
configure:3239: checking for gcc
configure:3255: found /usr/bin/gcc
configure:3266: result: gcc
configure:3495: checking for C compiler version
configure:3504: gcc --version >&5
gcc (Raspbian 6.3.0-18+rpi1+deb9u1) 6.3.0 20170516
Copyright (C) 2016 Free Software Foundation, Inc.
This is free software; see the source for copying conditions.  There is NO
warranty; not even for MERCHANTABILITY or FITNESS FOR A PARTICULAR PURPOSE.

configure:3515: $? = 0
configure:3504: gcc -v >&5
Using built-in specs.
COLLECT_GCC=gcc
COLLECT_LTO_WRAPPER=/usr/lib/gcc/arm-linux-gnueabihf/6/lto-wrapper
Target: arm-linux-gnueabihf
Configured with: ../src/configure -v --with-pkgversion='Raspbian 6.3.0-18+rpi1+deb9u1' --with-bugurl=file:///usr/share/doc/gcc-6/README.Bugs --enable-languages=c,ada,c++,java,go,d,fortran,objc,obj-c++ --prefix=/usr --program-suffix=-6 --program-prefix=arm-linux-gnueabihf- --enable-shared --enable-linker-build-id --libexecdir=/usr/lib --without-included-gettext --enable-threads=posix --libdir=/usr/lib --enable-nls --with-sysroot=/ --enable-clocale=gnu --enable-libstdcxx-debug --enable-libstdcxx-time=yes --with-default-libstdcxx-abi=new --enable-gnu-unique-object --disable-libitm --disable-libquadmath --enable-plugin --with-system-zlib --disable-browser-plugin --enable-java-awt=gtk --enable-gtk-cairo --with-java-home=/usr/lib/jvm/java-1.5.0-gcj-6-armhf/jre --enable-java-home --with-jvm-root-dir=/usr/lib/jvm/java-1.5.0-gcj-6-armhf --with-jvm-jar-dir=/usr/lib/jvm-exports/java-1.5.0-gcj-6-armhf --with-arch-directory=arm --with-ecj-jar=/usr/share/java/eclipse-ecj.jar --with-target-system-zlib --enable-objc-gc=auto --enable-multiarch --disable-sjlj-exceptions --with-arch=armv6 --with-fpu=vfp --with-float=hard --enable-checking=release --build=arm-linux-gnueabihf --host=arm-linux-gnueabihf --target=arm-linux-gnueabihf
Thread model: posix
gcc version 6.3.0 20170516 (Raspbian 6.3.0-18+rpi1+deb9u1) 
configure:3515: $? = 0
configure:3504: gcc -V >&5
gcc: error: unrecognized command line option '-V'
gcc: fatal error: no input files
compilation terminated.
configure:3515: $? = 1
configure:3504: gcc -qversion >&5
gcc: error: unrecognized command line option '-qversion'; did you mean '--version'?
gcc: fatal error: no input files
compilation terminated.
configure:3515: $? = 1
configure:3535: checking whether the C compiler works
configure:3557: gcc    conftest.c  >&5
configure:3561: $? = 0
configure:3609: result: yes
configure:3612: checking for C compiler default output file name
configure:3614: result: a.out
configure:3620: checking for suffix of executables
configure:3627: gcc -o conftest    conftest.c  >&5
configure:3631: $? = 0
configure:3653: result: 
configure:3675: checking whether we are cross compiling
configure:3683: gcc -o conftest    conftest.c  >&5
configure:3687: $? = 0
configure:3694: ./conftest
configure:3698: $? = 0
configure:3713: result: no
configure:3718: checking for suffix of object files
configure:3740: gcc -c   conftest.c >&5
configure:3744: $? = 0
configure:3765: result: o
configure:3769: checking whether we are using the GNU C compiler
configure:3788: gcc -c   conftest.c >&5
configure:3788: $? = 0
configure:3797: result: yes
configure:3806: checking whether gcc accepts -g
configure:3826: gcc -c -g  conftest.c >&5
configure:3826: $? = 0
configure:3867: result: yes
configure:3884: checking for gcc option to accept ISO C89
configure:3947: gcc  -c -g -O2  conftest.c >&5
configure:3947: $? = 0
configure:3960: result: none needed
configure:3985: checking whether gcc understands -c and -o together
configure:4007: gcc -c conftest.c -o conftest2.o
configure:4010: $? = 0
configure:4007: gcc -c conftest.c -o conftest2.o
configure:4010: $? = 0
configure:4022: result: yes
configure:4041: checking dependency style of gcc
configure:4152: result: gcc3
configure:4217: checking for ar
configure:4233: found /usr/bin/ar
configure:4244: result: ar
configure:4270: checking the archiver (ar) interface
configure:4286: gcc -c -g -O2  conftest.c >&5
configure:4286: $? = 0
configure:4288: ar cru libconftest.a conftest.o >&5
ar: `u' modifier ignored since `D' is the default (see `U')
configure:4291: $? = 0
configure:4319: result: ar
configure:4351: checking whether make supports nested variables
configure:4368: result: yes
configure:4434: checking for gcc
configure:4461: result: gcc
configure:4690: checking for C compiler version
configure:4699: gcc --version >&5
gcc (Raspbian 6.3.0-18+rpi1+deb9u1) 6.3.0 20170516
Copyright (C) 2016 Free Software Foundation, Inc.
This is free software; see the source for copying conditions.  There is NO
warranty; not even for MERCHANTABILITY or FITNESS FOR A PARTICULAR PURPOSE.

configure:4710: $? = 0
configure:4699: gcc -v >&5
Using built-in specs.
COLLECT_GCC=gcc
COLLECT_LTO_WRAPPER=/usr/lib/gcc/arm-linux-gnueabihf/6/lto-wrapper
Target: arm-linux-gnueabihf
Configured with: ../src/configure -v --with-pkgversion='Raspbian 6.3.0-18+rpi1+deb9u1' --with-bugurl=file:///usr/share/doc/gcc-6/README.Bugs --enable-languages=c,ada,c++,java,go,d,fortran,objc,obj-c++ --prefix=/usr --program-suffix=-6 --program-prefix=arm-linux-gnueabihf- --enable-shared --enable-linker-build-id --libexecdir=/usr/lib --without-included-gettext --enable-threads=posix --libdir=/usr/lib --enable-nls --with-sysroot=/ --enable-clocale=gnu --enable-libstdcxx-debug --enable-libstdcxx-time=yes --with-default-libstdcxx-abi=new --enable-gnu-unique-object --disable-libitm --disable-libquadmath --enable-plugin --with-system-zlib --disable-browser-plugin --enable-java-awt=gtk --enable-gtk-cairo --with-java-home=/usr/lib/jvm/java-1.5.0-gcj-6-armhf/jre --enable-java-home --with-jvm-root-dir=/usr/lib/jvm/java-1.5.0-gcj-6-armhf --with-jvm-jar-dir=/usr/lib/jvm-exports/java-1.5.0-gcj-6-armhf --with-arch-directory=arm --with-ecj-jar=/usr/share/java/eclipse-ecj.jar --with-target-system-zlib --enable-objc-gc=auto --enable-multiarch --disable-sjlj-exceptions --with-arch=armv6 --with-fpu=vfp --with-float=hard --enable-checking=release --build=arm-linux-gnueabihf --host=arm-linux-gnueabihf --target=arm-linux-gnueabihf
Thread model: posix
gcc version 6.3.0 20170516 (Raspbian 6.3.0-18+rpi1+deb9u1) 
configure:4710: $? = 0
configure:4699: gcc -V >&5
gcc: error: unrecognized command line option '-V'
gcc: fatal error: no input files
compilation terminated.
configure:4710: $? = 1
configure:4699: gcc -qversion >&5
gcc: error: unrecognized command line option '-qversion'; did you mean '--version'?
gcc: fatal error: no input files
compilation terminated.
configure:4710: $? = 1
configure:4714: checking whether we are using the GNU C compiler
configure:4742: result: yes
configure:4751: checking whether gcc accepts -g
configure:4812: result: yes
configure:4829: checking for gcc option to accept ISO C89
configure:4905: result: none needed
configure:4930: checking whether gcc understands -c and -o together
configure:4967: result: yes
configure:4986: checking dependency style of gcc
configure:5097: result: gcc3
configure:5112: checking whether make sets $(MAKE)
configure:5134: result: yes
configure:5175: checking build system type
configure:5189: result: armv7l-unknown-linux-gnueabihf
configure:5209: checking host system type
configure:5222: result: armv7l-unknown-linux-gnueabihf
configure:5263: checking how to print strings
configure:5290: result: printf
configure:5311: checking for a sed that does not truncate output
configure:5375: result: /bin/sed
configure:5393: checking for grep that handles long lines and -e
configure:5451: result: /bin/grep
configure:5456: checking for egrep
configure:5518: result: /bin/grep -E
configure:5523: checking for fgrep
configure:5585: result: /bin/grep -F
configure:5620: checking for ld used by gcc
configure:5687: result: /usr/bin/ld
configure:5694: checking if the linker (/usr/bin/ld) is GNU ld
configure:5709: result: yes
configure:5721: checking for BSD- or MS-compatible name lister (nm)
configure:5775: result: /usr/bin/nm -B
configure:5905: checking the name lister (/usr/bin/nm -B) interface
configure:5912: gcc -c -g -O2  conftest.c >&5
configure:5915: /usr/bin/nm -B "conftest.o"
configure:5918: output
00000000 B some_variable
configure:5925: result: BSD nm
configure:5928: checking whether ln -s works
configure:5932: result: yes
configure:5940: checking the maximum length of command line arguments
configure:6071: result: 1572864
configure:6119: checking how to convert armv7l-unknown-linux-gnueabihf file names to armv7l-unknown-linux-gnueabihf format
configure:6159: result: func_convert_file_noop
configure:6166: checking how to convert armv7l-unknown-linux-gnueabihf file names to toolchain format
configure:6186: result: func_convert_file_noop
configure:6193: checking for /usr/bin/ld option to reload object files
configure:6200: result: -r
configure:6274: checking for objdump
configure:6290: found /usr/bin/objdump
configure:6301: result: objdump
configure:6333: checking how to recognize dependent libraries
configure:6533: result: pass_all
configure:6618: checking for dlltool
configure:6648: result: no
configure:6678: checking how to associate runtime and link libraries
configure:6705: result: printf %s\n
configure:6829: checking for archiver @FILE support
configure:6846: gcc -c -g -O2  conftest.c >&5
configure:6846: $? = 0
configure:6849: ar cru libconftest.a @conftest.lst >&5
ar: `u' modifier ignored since `D' is the default (see `U')
configure:6852: $? = 0
configure:6857: ar cru libconftest.a @conftest.lst >&5
ar: `u' modifier ignored since `D' is the default (see `U')
ar: conftest.o: No such file or directory
configure:6860: $? = 1
configure:6872: result: @
configure:6930: checking for strip
configure:6946: found /usr/bin/strip
configure:6957: result: strip
configure:7029: checking for ranlib
configure:7045: found /usr/bin/ranlib
configure:7056: result: ranlib
configure:7158: checking command to parse /usr/bin/nm -B output from gcc object
configure:7311: gcc -c -g -O2  conftest.c >&5
configure:7314: $? = 0
configure:7318: /usr/bin/nm -B conftest.o \| sed -n -e 's/^.*[ ]\([ABCDGIRSTW][ABCDGIRSTW]*\)[ ][ ]*\([_A-Za-z][_A-Za-z0-9]*\)$/\1 \2 \2/p' | sed '/ __gnu_lto/d' \> conftest.nm
configure:7321: $? = 0
configure:7387: gcc -o conftest -g -O2   conftest.c conftstm.o >&5
configure:7390: $? = 0
configure:7428: result: ok
configure:7475: checking for sysroot
configure:7505: result: no
configure:7512: checking for a working dd
configure:7550: result: /bin/dd
configure:7554: checking how to truncate binary pipes
configure:7569: result: /bin/dd bs=4096 count=1
configure:7898: checking for mt
configure:7914: found /bin/mt
configure:7925: result: mt
configure:7948: checking if mt is a manifest tool
configure:7954: mt '-?'
configure:7962: result: no
configure:8639: checking how to run the C preprocessor
configure:8670: gcc -E  conftest.c
configure:8670: $? = 0
configure:8684: gcc -E  conftest.c
conftest.c:11:28: fatal error: ac_nonexistent.h: No such file or directory
 #include <ac_nonexistent.h>
                            ^
compilation terminated.
configure:8684: $? = 1
configure: failed program was:
| /* confdefs.h */
| #define PACKAGE_NAME "libnfc"
| #define PACKAGE_TARNAME "libnfc"
| #define PACKAGE_VERSION "1.7.1"
| #define PACKAGE_STRING "libnfc 1.7.1"
| #define PACKAGE_BUGREPORT "nfc-tools@googlegroups.com"
| #define PACKAGE_URL ""
| #define PACKAGE "libnfc"
| #define VERSION "1.7.1"
| /* end confdefs.h.  */
| #include <ac_nonexistent.h>
configure:8709: result: gcc -E
configure:8729: gcc -E  conftest.c
configure:8729: $? = 0
configure:8743: gcc -E  conftest.c
conftest.c:11:28: fatal error: ac_nonexistent.h: No such file or directory
 #include <ac_nonexistent.h>
                            ^
compilation terminated.
configure:8743: $? = 1
configure: failed program was:
| /* confdefs.h */
| #define PACKAGE_NAME "libnfc"
| #define PACKAGE_TARNAME "libnfc"
| #define PACKAGE_VERSION "1.7.1"
| #define PACKAGE_STRING "libnfc 1.7.1"
| #define PACKAGE_BUGREPORT "nfc-tools@googlegroups.com"
| #define PACKAGE_URL ""
| #define PACKAGE "libnfc"
| #define VERSION "1.7.1"
| /* end confdefs.h.  */
| #include <ac_nonexistent.h>
configure:8772: checking for ANSI C header files
configure:8792: gcc -c -g -O2  conftest.c >&5
configure:8792: $? = 0
configure:8865: gcc -o conftest -g -O2   conftest.c  >&5
configure:8865: $? = 0
configure:8865: ./conftest
configure:8865: $? = 0
configure:8876: result: yes
configure:8889: checking for sys/types.h
configure:8889: gcc -c -g -O2  conftest.c >&5
configure:8889: $? = 0
configure:8889: result: yes
configure:8889: checking for sys/stat.h
configure:8889: gcc -c -g -O2  conftest.c >&5
configure:8889: $? = 0
configure:8889: result: yes
configure:8889: checking for stdlib.h
configure:8889: gcc -c -g -O2  conftest.c >&5
configure:8889: $? = 0
configure:8889: result: yes
configure:8889: checking for string.h
configure:8889: gcc -c -g -O2  conftest.c >&5
configure:8889: $? = 0
configure:8889: result: yes
configure:8889: checking for memory.h
configure:8889: gcc -c -g -O2  conftest.c >&5
configure:8889: $? = 0
configure:8889: result: yes
configure:8889: checking for strings.h
configure:8889: gcc -c -g -O2  conftest.c >&5
configure:8889: $? = 0
configure:8889: result: yes
configure:8889: checking for inttypes.h
configure:8889: gcc -c -g -O2  conftest.c >&5
configure:8889: $? = 0
configure:8889: result: yes
configure:8889: checking for stdint.h
configure:8889: gcc -c -g -O2  conftest.c >&5
configure:8889: $? = 0
configure:8889: result: yes
configure:8889: checking for unistd.h
configure:8889: gcc -c -g -O2  conftest.c >&5
configure:8889: $? = 0
configure:8889: result: yes
configure:8903: checking for dlfcn.h
configure:8903: gcc -c -g -O2  conftest.c >&5
configure:8903: $? = 0
configure:8903: result: yes
configure:9159: checking for objdir
configure:9174: result: .libs
configure:9438: checking if gcc supports -fno-rtti -fno-exceptions
configure:9456: gcc -c -g -O2  -fno-rtti -fno-exceptions conftest.c >&5
cc1: warning: command line option '-fno-rtti' is valid for C++/ObjC++ but not for C
configure:9460: $? = 0
configure:9473: result: no
configure:9831: checking for gcc option to produce PIC
configure:9838: result: -fPIC -DPIC
configure:9846: checking if gcc PIC flag -fPIC -DPIC works
configure:9864: gcc -c -g -O2  -fPIC -DPIC -DPIC conftest.c >&5
configure:9868: $? = 0
configure:9881: result: yes
configure:9910: checking if gcc static flag -static works
configure:9938: result: yes
configure:9953: checking if gcc supports -c -o file.o
configure:9974: gcc -c -g -O2  -o out/conftest2.o conftest.c >&5
configure:9978: $? = 0
configure:10000: result: yes
configure:10008: checking if gcc supports -c -o file.o
configure:10055: result: yes
configure:10088: checking whether the gcc linker (/usr/bin/ld) supports shared libraries
configure:11351: result: yes
configure:11388: checking whether -lc should be explicitly linked in
configure:11396: gcc -c -g -O2  conftest.c >&5
configure:11399: $? = 0
configure:11414: gcc -shared  -fPIC -DPIC conftest.o  -v -Wl,-soname -Wl,conftest -o conftest 2\>\&1 \| /bin/grep  -lc  \>/dev/null 2\>\&1
configure:11417: $? = 0
configure:11431: result: no
configure:11591: checking dynamic linker characteristics
configure:12172: gcc -o conftest -g -O2   -Wl,-rpath -Wl,/foo conftest.c  >&5
configure:12172: $? = 0
configure:12421: result: GNU/Linux ld.so
configure:12543: checking how to hardcode library paths into programs
configure:12568: result: immediate
configure:13116: checking whether stripping libraries is possible
configure:13121: result: yes
configure:13156: checking if libtool supports shared libraries
configure:13158: result: yes
configure:13161: checking whether to build shared libraries
configure:13186: result: yes
configure:13189: checking whether to build static libraries
configure:13193: result: yes
configure:13307: checking for pkg-config
configure:13325: found /usr/bin/pkg-config
configure:13337: result: /usr/bin/pkg-config
configure:13362: checking pkg-config is at least version 0.9.0
configure:13365: result: yes
configure:13375: checking for ANSI C header files
configure:13479: result: yes
configure:13487: checking for stdbool.h that conforms to C99
configure:13554: gcc -c -g -O2  conftest.c >&5
configure:13554: $? = 0
configure:13561: result: yes
configure:13563: checking for _Bool
configure:13563: gcc -c -g -O2  conftest.c >&5
configure:13563: $? = 0
configure:13563: gcc -c -g -O2  conftest.c >&5
conftest.c: In function 'main':
conftest.c:60:20: error: expected expression before ')' token
 if (sizeof ((_Bool)))
                    ^
configure:13563: $? = 1
configure: failed program was:
| /* confdefs.h */
| #define PACKAGE_NAME "libnfc"
| #define PACKAGE_TARNAME "libnfc"
| #define PACKAGE_VERSION "1.7.1"
| #define PACKAGE_STRING "libnfc 1.7.1"
| #define PACKAGE_BUGREPORT "nfc-tools@googlegroups.com"
| #define PACKAGE_URL ""
| #define PACKAGE "libnfc"
| #define VERSION "1.7.1"
| #define STDC_HEADERS 1
| #define HAVE_SYS_TYPES_H 1
| #define HAVE_SYS_STAT_H 1
| #define HAVE_STDLIB_H 1
| #define HAVE_STRING_H 1
| #define HAVE_MEMORY_H 1
| #define HAVE_STRINGS_H 1
| #define HAVE_INTTYPES_H 1
| #define HAVE_STDINT_H 1
| #define HAVE_UNISTD_H 1
| #define HAVE_DLFCN_H 1
| #define LT_OBJDIR ".libs/"
| #define STDC_HEADERS 1
| /* end confdefs.h.  */
| #include <stdio.h>
| #ifdef HAVE_SYS_TYPES_H
| # include <sys/types.h>
| #endif
| #ifdef HAVE_SYS_STAT_H
| # include <sys/stat.h>
| #endif
| #ifdef STDC_HEADERS
| # include <stdlib.h>
| # include <stddef.h>
| #else
| # ifdef HAVE_STDLIB_H
| #  include <stdlib.h>
| # endif
| #endif
| #ifdef HAVE_STRING_H
| # if !defined STDC_HEADERS && defined HAVE_MEMORY_H
| #  include <memory.h>
| # endif
| # include <string.h>
| #endif
| #ifdef HAVE_STRINGS_H
| # include <strings.h>
| #endif
| #ifdef HAVE_INTTYPES_H
| # include <inttypes.h>
| #endif
| #ifdef HAVE_STDINT_H
| # include <stdint.h>
| #endif
| #ifdef HAVE_UNISTD_H
| # include <unistd.h>
| #endif
| int
| main ()
| {
| if (sizeof ((_Bool)))
| 	    return 0;
|   ;
|   return 0;
| }
configure:13563: result: yes
configure:13583: checking fcntl.h usability
configure:13583: gcc -c -g -O2  conftest.c >&5
configure:13583: $? = 0
configure:13583: result: yes
configure:13583: checking fcntl.h presence
configure:13583: gcc -E  conftest.c
configure:13583: $? = 0
configure:13583: result: yes
configure:13583: checking for fcntl.h
configure:13583: result: yes
configure:13583: checking limits.h usability
configure:13583: gcc -c -g -O2  conftest.c >&5
configure:13583: $? = 0
configure:13583: result: yes
configure:13583: checking limits.h presence
configure:13583: gcc -E  conftest.c
configure:13583: $? = 0
configure:13583: result: yes
configure:13583: checking for limits.h
configure:13583: result: yes
configure:13583: checking stdio.h usability
configure:13583: gcc -c -g -O2  conftest.c >&5
configure:13583: $? = 0
configure:13583: result: yes
configure:13583: checking stdio.h presence
configure:13583: gcc -E  conftest.c
configure:13583: $? = 0
configure:13583: result: yes
configure:13583: checking for stdio.h
configure:13583: result: yes
configure:13583: checking for stdlib.h
configure:13583: result: yes
configure:13583: checking for stdint.h
configure:13583: result: yes
configure:13583: checking stddef.h usability
configure:13583: gcc -c -g -O2  conftest.c >&5
configure:13583: $? = 0
configure:13583: result: yes
configure:13583: checking stddef.h presence
configure:13583: gcc -E  conftest.c
configure:13583: $? = 0
configure:13583: result: yes
configure:13583: checking for stddef.h
configure:13583: result: yes
configure:13583: checking for stdbool.h
configure:13583: result: yes
configure:13583: checking sys/ioctl.h usability
configure:13583: gcc -c -g -O2  conftest.c >&5
configure:13583: $? = 0
configure:13583: result: yes
configure:13583: checking sys/ioctl.h presence
configure:13583: gcc -E  conftest.c
configure:13583: $? = 0
configure:13583: result: yes
configure:13583: checking for sys/ioctl.h
configure:13583: result: yes
configure:13583: checking sys/param.h usability
configure:13583: gcc -c -g -O2  conftest.c >&5
configure:13583: $? = 0
configure:13583: result: yes
configure:13583: checking sys/param.h presence
configure:13583: gcc -E  conftest.c
configure:13583: $? = 0
configure:13583: result: yes
configure:13583: checking for sys/param.h
configure:13583: result: yes
configure:13583: checking sys/time.h usability
configure:13583: gcc -c -g -O2  conftest.c >&5
configure:13583: $? = 0
configure:13583: result: yes
configure:13583: checking sys/time.h presence
configure:13583: gcc -E  conftest.c
configure:13583: $? = 0
configure:13583: result: yes
configure:13583: checking for sys/time.h
configure:13583: result: yes
configure:13583: checking termios.h usability
configure:13583: gcc -c -g -O2  conftest.c >&5
configure:13583: $? = 0
configure:13583: result: yes
configure:13583: checking termios.h presence
configure:13583: gcc -E  conftest.c
configure:13583: $? = 0
configure:13583: result: yes
configure:13583: checking for termios.h
configure:13583: result: yes
configure:13595: checking linux/spi/spidev.h usability
configure:13595: gcc -c -g -O2  conftest.c >&5
configure:13595: $? = 0
configure:13595: result: yes
configure:13595: checking linux/spi/spidev.h presence
configure:13595: gcc -E  conftest.c
configure:13595: $? = 0
configure:13595: result: yes
configure:13595: checking for linux/spi/spidev.h
configure:13595: result: yes
configure:13607: checking linux/i2c-dev.h usability
configure:13607: gcc -c -g -O2  conftest.c >&5
configure:13607: $? = 0
configure:13607: result: yes
configure:13607: checking linux/i2c-dev.h presence
configure:13607: gcc -E  conftest.c
configure:13607: $? = 0
configure:13607: result: yes
configure:13607: checking for linux/i2c-dev.h
configure:13607: result: yes
configure:13620: checking for memmove
configure:13620: gcc -o conftest -g -O2   conftest.c  >&5
conftest.c:62:6: warning: conflicting types for built-in function 'memmove'
 char memmove ();
      ^~~~~~~
configure:13620: $? = 0
configure:13620: result: yes
configure:13620: checking for memset
configure:13620: gcc -o conftest -g -O2   conftest.c  >&5
conftest.c:64:6: warning: conflicting types for built-in function 'memset'
 char memset ();
      ^~~~~~
configure:13620: $? = 0
configure:13620: result: yes
configure:13620: checking for select
configure:13620: gcc -o conftest -g -O2   conftest.c  >&5
configure:13620: $? = 0
configure:13620: result: yes
configure:13620: checking for strdup
configure:13620: gcc -o conftest -g -O2   conftest.c  >&5
conftest.c:68:6: warning: conflicting types for built-in function 'strdup'
 char strdup ();
      ^~~~~~
configure:13620: $? = 0
configure:13620: result: yes
configure:13620: checking for strerror
configure:13620: gcc -o conftest -g -O2   conftest.c  >&5
configure:13620: $? = 0
configure:13620: result: yes
configure:13620: checking for strstr
configure:13620: gcc -o conftest -g -O2   conftest.c  >&5
conftest.c:72:6: warning: conflicting types for built-in function 'strstr'
 char strstr ();
      ^~~~~~
configure:13620: $? = 0
configure:13620: result: yes
configure:13620: checking for strtol
configure:13620: gcc -o conftest -g -O2   conftest.c  >&5
configure:13620: $? = 0
configure:13620: result: yes
configure:13620: checking for usleep
configure:13620: gcc -o conftest -g -O2   conftest.c  >&5
configure:13620: $? = 0
configure:13620: result: yes
configure:13643: checking for size_t
configure:13643: gcc -c -g -O2  conftest.c >&5
configure:13643: $? = 0
configure:13643: gcc -c -g -O2  conftest.c >&5
conftest.c: In function 'main':
conftest.c:93:21: error: expected expression before ')' token
 if (sizeof ((size_t)))
                     ^
configure:13643: $? = 1
configure: failed program was:
| /* confdefs.h */
| #define PACKAGE_NAME "libnfc"
| #define PACKAGE_TARNAME "libnfc"
| #define PACKAGE_VERSION "1.7.1"
| #define PACKAGE_STRING "libnfc 1.7.1"
| #define PACKAGE_BUGREPORT "nfc-tools@googlegroups.com"
| #define PACKAGE_URL ""
| #define PACKAGE "libnfc"
| #define VERSION "1.7.1"
| #define STDC_HEADERS 1
| #define HAVE_SYS_TYPES_H 1
| #define HAVE_SYS_STAT_H 1
| #define HAVE_STDLIB_H 1
| #define HAVE_STRING_H 1
| #define HAVE_MEMORY_H 1
| #define HAVE_STRINGS_H 1
| #define HAVE_INTTYPES_H 1
| #define HAVE_STDINT_H 1
| #define HAVE_UNISTD_H 1
| #define HAVE_DLFCN_H 1
| #define LT_OBJDIR ".libs/"
| #define STDC_HEADERS 1
| #define HAVE__BOOL 1
| #define HAVE_STDBOOL_H 1
| #define HAVE_FCNTL_H 1
| #define HAVE_LIMITS_H 1
| #define HAVE_STDIO_H 1
| #define HAVE_STDLIB_H 1
| #define HAVE_STDINT_H 1
| #define HAVE_STDDEF_H 1
| #define HAVE_STDBOOL_H 1
| #define HAVE_SYS_IOCTL_H 1
| #define HAVE_SYS_PARAM_H 1
| #define HAVE_SYS_TIME_H 1
| #define HAVE_TERMIOS_H 1
| #define HAVE_LINUX_SPI_SPIDEV_H 1
| #define HAVE_LINUX_I2C_DEV_H 1
| #define HAVE_MEMMOVE 1
| #define _XOPEN_SOURCE 600
| #define HAVE_MEMSET 1
| #define _XOPEN_SOURCE 600
| #define HAVE_SELECT 1
| #define _XOPEN_SOURCE 600
| #define HAVE_STRDUP 1
| #define _XOPEN_SOURCE 600
| #define HAVE_STRERROR 1
| #define _XOPEN_SOURCE 600
| #define HAVE_STRSTR 1
| #define _XOPEN_SOURCE 600
| #define HAVE_STRTOL 1
| #define _XOPEN_SOURCE 600
| #define HAVE_USLEEP 1
| #define _XOPEN_SOURCE 600
| #define _NETBSD_SOURCE 1
| #define _DARWIN_C_SOURCE 1
| /* end confdefs.h.  */
| #include <stdio.h>
| #ifdef HAVE_SYS_TYPES_H
| # include <sys/types.h>
| #endif
| #ifdef HAVE_SYS_STAT_H
| # include <sys/stat.h>
| #endif
| #ifdef STDC_HEADERS
| # include <stdlib.h>
| # include <stddef.h>
| #else
| # ifdef HAVE_STDLIB_H
| #  include <stdlib.h>
| # endif
| #endif
| #ifdef HAVE_STRING_H
| # if !defined STDC_HEADERS && defined HAVE_MEMORY_H
| #  include <memory.h>
| # endif
| # include <string.h>
| #endif
| #ifdef HAVE_STRINGS_H
| # include <strings.h>
| #endif
| #ifdef HAVE_INTTYPES_H
| # include <inttypes.h>
| #endif
| #ifdef HAVE_STDINT_H
| # include <stdint.h>
| #endif
| #ifdef HAVE_UNISTD_H
| # include <unistd.h>
| #endif
| int
| main ()
| {
| if (sizeof ((size_t)))
| 	    return 0;
|   ;
|   return 0;
| }
configure:13643: result: yes
configure:13654: checking for uint8_t
configure:13654: gcc -c -g -O2  conftest.c >&5
configure:13654: $? = 0
configure:13654: result: yes
configure:13668: checking for uint16_t
configure:13668: gcc -c -g -O2  conftest.c >&5
configure:13668: $? = 0
configure:13668: result: yes
configure:13680: checking for uint32_t
configure:13680: gcc -c -g -O2  conftest.c >&5
configure:13680: $? = 0
configure:13680: result: yes
configure:13694: checking for uint64_t
configure:13694: gcc -c -g -O2  conftest.c >&5
configure:13694: $? = 0
configure:13694: result: yes
configure:13708: checking for int16_t
configure:13708: gcc -c -g -O2  conftest.c >&5
configure:13708: $? = 0
configure:13708: gcc -c -g -O2  conftest.c >&5
conftest.c: In function 'main':
conftest.c:94:12: error: size of array 'test_array' is negative
 static int test_array [1 - 2 * !((int16_t) (((((int16_t) 1 << N) << N) - 1) * 2 + 1)
            ^~~~~~~~~~
configure:13708: $? = 1
configure: failed program was:
| /* confdefs.h */
| #define PACKAGE_NAME "libnfc"
| #define PACKAGE_TARNAME "libnfc"
| #define PACKAGE_VERSION "1.7.1"
| #define PACKAGE_STRING "libnfc 1.7.1"
| #define PACKAGE_BUGREPORT "nfc-tools@googlegroups.com"
| #define PACKAGE_URL ""
| #define PACKAGE "libnfc"
| #define VERSION "1.7.1"
| #define STDC_HEADERS 1
| #define HAVE_SYS_TYPES_H 1
| #define HAVE_SYS_STAT_H 1
| #define HAVE_STDLIB_H 1
| #define HAVE_STRING_H 1
| #define HAVE_MEMORY_H 1
| #define HAVE_STRINGS_H 1
| #define HAVE_INTTYPES_H 1
| #define HAVE_STDINT_H 1
| #define HAVE_UNISTD_H 1
| #define HAVE_DLFCN_H 1
| #define LT_OBJDIR ".libs/"
| #define STDC_HEADERS 1
| #define HAVE__BOOL 1
| #define HAVE_STDBOOL_H 1
| #define HAVE_FCNTL_H 1
| #define HAVE_LIMITS_H 1
| #define HAVE_STDIO_H 1
| #define HAVE_STDLIB_H 1
| #define HAVE_STDINT_H 1
| #define HAVE_STDDEF_H 1
| #define HAVE_STDBOOL_H 1
| #define HAVE_SYS_IOCTL_H 1
| #define HAVE_SYS_PARAM_H 1
| #define HAVE_SYS_TIME_H 1
| #define HAVE_TERMIOS_H 1
| #define HAVE_LINUX_SPI_SPIDEV_H 1
| #define HAVE_LINUX_I2C_DEV_H 1
| #define HAVE_MEMMOVE 1
| #define _XOPEN_SOURCE 600
| #define HAVE_MEMSET 1
| #define _XOPEN_SOURCE 600
| #define HAVE_SELECT 1
| #define _XOPEN_SOURCE 600
| #define HAVE_STRDUP 1
| #define _XOPEN_SOURCE 600
| #define HAVE_STRERROR 1
| #define _XOPEN_SOURCE 600
| #define HAVE_STRSTR 1
| #define _XOPEN_SOURCE 600
| #define HAVE_STRTOL 1
| #define _XOPEN_SOURCE 600
| #define HAVE_USLEEP 1
| #define _XOPEN_SOURCE 600
| #define _NETBSD_SOURCE 1
| #define _DARWIN_C_SOURCE 1
| /* end confdefs.h.  */
| #include <stdio.h>
| #ifdef HAVE_SYS_TYPES_H
| # include <sys/types.h>
| #endif
| #ifdef HAVE_SYS_STAT_H
| # include <sys/stat.h>
| #endif
| #ifdef STDC_HEADERS
| # include <stdlib.h>
| # include <stddef.h>
| #else
| # ifdef HAVE_STDLIB_H
| #  include <stdlib.h>
| # endif
| #endif
| #ifdef HAVE_STRING_H
| # if !defined STDC_HEADERS && defined HAVE_MEMORY_H
| #  include <memory.h>
| # endif
| # include <string.h>
| #endif
| #ifdef HAVE_STRINGS_H
| # include <strings.h>
| #endif
| #ifdef HAVE_INTTYPES_H
| # include <inttypes.h>
| #endif
| #ifdef HAVE_STDINT_H
| # include <stdint.h>
| #endif
| #ifdef HAVE_UNISTD_H
| # include <unistd.h>
| #endif
| 	        enum { N = 16 / 2 - 1 };
| int
| main ()
| {
| static int test_array [1 - 2 * !((int16_t) (((((int16_t) 1 << N) << N) - 1) * 2 + 1)
| 		 < (int16_t) (((((int16_t) 1 << N) << N) - 1) * 2 + 2))];
| test_array [0] = 0;
| return test_array [0];
| 
|   ;
|   return 0;
| }
configure:13708: result: yes
configure:13719: checking for int32_t
configure:13719: gcc -c -g -O2  conftest.c >&5
configure:13719: $? = 0
configure:13719: gcc -c -g -O2  conftest.c >&5
conftest.c: In function 'main':
conftest.c:95:53: warning: integer overflow in expression [-Woverflow]
    < (int32_t) (((((int32_t) 1 << N) << N) - 1) * 2 + 2))];
                                                     ^
conftest.c:94:12: error: storage size of 'test_array' isn't constant
 static int test_array [1 - 2 * !((int32_t) (((((int32_t) 1 << N) << N) - 1) * 2 + 1)
            ^~~~~~~~~~
configure:13719: $? = 1
configure: failed program was:
| /* confdefs.h */
| #define PACKAGE_NAME "libnfc"
| #define PACKAGE_TARNAME "libnfc"
| #define PACKAGE_VERSION "1.7.1"
| #define PACKAGE_STRING "libnfc 1.7.1"
| #define PACKAGE_BUGREPORT "nfc-tools@googlegroups.com"
| #define PACKAGE_URL ""
| #define PACKAGE "libnfc"
| #define VERSION "1.7.1"
| #define STDC_HEADERS 1
| #define HAVE_SYS_TYPES_H 1
| #define HAVE_SYS_STAT_H 1
| #define HAVE_STDLIB_H 1
| #define HAVE_STRING_H 1
| #define HAVE_MEMORY_H 1
| #define HAVE_STRINGS_H 1
| #define HAVE_INTTYPES_H 1
| #define HAVE_STDINT_H 1
| #define HAVE_UNISTD_H 1
| #define HAVE_DLFCN_H 1
| #define LT_OBJDIR ".libs/"
| #define STDC_HEADERS 1
| #define HAVE__BOOL 1
| #define HAVE_STDBOOL_H 1
| #define HAVE_FCNTL_H 1
| #define HAVE_LIMITS_H 1
| #define HAVE_STDIO_H 1
| #define HAVE_STDLIB_H 1
| #define HAVE_STDINT_H 1
| #define HAVE_STDDEF_H 1
| #define HAVE_STDBOOL_H 1
| #define HAVE_SYS_IOCTL_H 1
| #define HAVE_SYS_PARAM_H 1
| #define HAVE_SYS_TIME_H 1
| #define HAVE_TERMIOS_H 1
| #define HAVE_LINUX_SPI_SPIDEV_H 1
| #define HAVE_LINUX_I2C_DEV_H 1
| #define HAVE_MEMMOVE 1
| #define _XOPEN_SOURCE 600
| #define HAVE_MEMSET 1
| #define _XOPEN_SOURCE 600
| #define HAVE_SELECT 1
| #define _XOPEN_SOURCE 600
| #define HAVE_STRDUP 1
| #define _XOPEN_SOURCE 600
| #define HAVE_STRERROR 1
| #define _XOPEN_SOURCE 600
| #define HAVE_STRSTR 1
| #define _XOPEN_SOURCE 600
| #define HAVE_STRTOL 1
| #define _XOPEN_SOURCE 600
| #define HAVE_USLEEP 1
| #define _XOPEN_SOURCE 600
| #define _NETBSD_SOURCE 1
| #define _DARWIN_C_SOURCE 1
| /* end confdefs.h.  */
| #include <stdio.h>
| #ifdef HAVE_SYS_TYPES_H
| # include <sys/types.h>
| #endif
| #ifdef HAVE_SYS_STAT_H
| # include <sys/stat.h>
| #endif
| #ifdef STDC_HEADERS
| # include <stdlib.h>
| # include <stddef.h>
| #else
| # ifdef HAVE_STDLIB_H
| #  include <stdlib.h>
| # endif
| #endif
| #ifdef HAVE_STRING_H
| # if !defined STDC_HEADERS && defined HAVE_MEMORY_H
| #  include <memory.h>
| # endif
| # include <string.h>
| #endif
| #ifdef HAVE_STRINGS_H
| # include <strings.h>
| #endif
| #ifdef HAVE_INTTYPES_H
| # include <inttypes.h>
| #endif
| #ifdef HAVE_STDINT_H
| # include <stdint.h>
| #endif
| #ifdef HAVE_UNISTD_H
| # include <unistd.h>
| #endif
| 	        enum { N = 32 / 2 - 1 };
| int
| main ()
| {
| static int test_array [1 - 2 * !((int32_t) (((((int32_t) 1 << N) << N) - 1) * 2 + 1)
| 		 < (int32_t) (((((int32_t) 1 << N) << N) - 1) * 2 + 2))];
| test_array [0] = 0;
| return test_array [0];
| 
|   ;
|   return 0;
| }
configure:13719: result: yes
configure:13730: checking for off_t
configure:13730: gcc -c -g -O2  conftest.c >&5
configure:13730: $? = 0
configure:13730: gcc -c -g -O2  conftest.c >&5
conftest.c: In function 'main':
conftest.c:93:20: error: expected expression before ')' token
 if (sizeof ((off_t)))
                    ^
configure:13730: $? = 1
configure: failed program was:
| /* confdefs.h */
| #define PACKAGE_NAME "libnfc"
| #define PACKAGE_TARNAME "libnfc"
| #define PACKAGE_VERSION "1.7.1"
| #define PACKAGE_STRING "libnfc 1.7.1"
| #define PACKAGE_BUGREPORT "nfc-tools@googlegroups.com"
| #define PACKAGE_URL ""
| #define PACKAGE "libnfc"
| #define VERSION "1.7.1"
| #define STDC_HEADERS 1
| #define HAVE_SYS_TYPES_H 1
| #define HAVE_SYS_STAT_H 1
| #define HAVE_STDLIB_H 1
| #define HAVE_STRING_H 1
| #define HAVE_MEMORY_H 1
| #define HAVE_STRINGS_H 1
| #define HAVE_INTTYPES_H 1
| #define HAVE_STDINT_H 1
| #define HAVE_UNISTD_H 1
| #define HAVE_DLFCN_H 1
| #define LT_OBJDIR ".libs/"
| #define STDC_HEADERS 1
| #define HAVE__BOOL 1
| #define HAVE_STDBOOL_H 1
| #define HAVE_FCNTL_H 1
| #define HAVE_LIMITS_H 1
| #define HAVE_STDIO_H 1
| #define HAVE_STDLIB_H 1
| #define HAVE_STDINT_H 1
| #define HAVE_STDDEF_H 1
| #define HAVE_STDBOOL_H 1
| #define HAVE_SYS_IOCTL_H 1
| #define HAVE_SYS_PARAM_H 1
| #define HAVE_SYS_TIME_H 1
| #define HAVE_TERMIOS_H 1
| #define HAVE_LINUX_SPI_SPIDEV_H 1
| #define HAVE_LINUX_I2C_DEV_H 1
| #define HAVE_MEMMOVE 1
| #define _XOPEN_SOURCE 600
| #define HAVE_MEMSET 1
| #define _XOPEN_SOURCE 600
| #define HAVE_SELECT 1
| #define _XOPEN_SOURCE 600
| #define HAVE_STRDUP 1
| #define _XOPEN_SOURCE 600
| #define HAVE_STRERROR 1
| #define _XOPEN_SOURCE 600
| #define HAVE_STRSTR 1
| #define _XOPEN_SOURCE 600
| #define HAVE_STRTOL 1
| #define _XOPEN_SOURCE 600
| #define HAVE_USLEEP 1
| #define _XOPEN_SOURCE 600
| #define _NETBSD_SOURCE 1
| #define _DARWIN_C_SOURCE 1
| /* end confdefs.h.  */
| #include <stdio.h>
| #ifdef HAVE_SYS_TYPES_H
| # include <sys/types.h>
| #endif
| #ifdef HAVE_SYS_STAT_H
| # include <sys/stat.h>
| #endif
| #ifdef STDC_HEADERS
| # include <stdlib.h>
| # include <stddef.h>
| #else
| # ifdef HAVE_STDLIB_H
| #  include <stdlib.h>
| # endif
| #endif
| #ifdef HAVE_STRING_H
| # if !defined STDC_HEADERS && defined HAVE_MEMORY_H
| #  include <memory.h>
| # endif
| # include <string.h>
| #endif
| #ifdef HAVE_STRINGS_H
| # include <strings.h>
| #endif
| #ifdef HAVE_INTTYPES_H
| # include <inttypes.h>
| #endif
| #ifdef HAVE_STDINT_H
| # include <stdint.h>
| #endif
| #ifdef HAVE_UNISTD_H
| # include <unistd.h>
| #endif
| int
| main ()
| {
| if (sizeof ((off_t)))
| 	    return 0;
|   ;
|   return 0;
| }
configure:13730: result: yes
configure:13753: checking for log flag
configure:13755: result: yes
configure:13781: checking for conffiles flag
configure:13783: result: yes
configure:13809: checking for envvars flag
configure:13811: result: yes
configure:13837: checking for debug flag
configure:13839: result: no
configure:13860: checking which drivers to build
configure:13873: result: all
configure:14078: checking for documentation request
configure:14080: result: no
configure:14169: checking for libusb
configure:14176: $PKG_CONFIG --exists --print-errors "libusb"
configure:14179: $? = 0
configure:14193: $PKG_CONFIG --exists --print-errors "libusb"
configure:14196: $? = 0
configure:14234: result: yes
configure:14453: checking for libpcsclite
configure:14460: $PKG_CONFIG --exists --print-errors "libpcsclite"
configure:14463: $? = 0
configure:14477: $PKG_CONFIG --exists --print-errors "libpcsclite"
configure:14480: $? = 0
configure:14518: result: yes
configure:14604: checking for readline.h
configure:14649: result: not found
configure:14775: checking that generated files are newer than configure
configure:14781: result: done
configure:14888: creating ./config.status

## ---------------------- ##
## Running config.status. ##
## ---------------------- ##

This file was extended by libnfc config.status 1.7.1, which was
generated by GNU Autoconf 2.69.  Invocation command line was

  CONFIG_FILES    = 
  CONFIG_HEADERS  = 
  CONFIG_LINKS    = 
  CONFIG_COMMANDS = 
  $ ./config.status 

on raspberrypi

config.status:1199: creating Doxyfile
config.status:1199: creating Makefile
config.status:1199: creating cmake/Makefile
config.status:1199: creating cmake/modules/Makefile
config.status:1199: creating contrib/Makefile
config.status:1199: creating contrib/devd/Makefile
config.status:1199: creating contrib/libnfc/Makefile
config.status:1199: creating contrib/linux/Makefile
config.status:1199: creating contrib/udev/Makefile
config.status:1199: creating contrib/win32/Makefile
config.status:1199: creating contrib/win32/sys/Makefile
config.status:1199: creating contrib/win32/libnfc/Makefile
config.status:1199: creating contrib/win32/libnfc/buses/Makefile
config.status:1199: creating examples/Makefile
config.status:1199: creating examples/pn53x-tamashell-scripts/Makefile
config.status:1199: creating include/Makefile
config.status:1199: creating include/nfc/Makefile
config.status:1199: creating libnfc.pc
config.status:1199: creating libnfc/Makefile
config.status:1199: creating libnfc/buses/Makefile
config.status:1199: creating libnfc/chips/Makefile
config.status:1199: creating libnfc/drivers/Makefile
config.status:1199: creating test/Makefile
config.status:1199: creating utils/Makefile
config.status:1199: creating config.h
config.status:1380: config.h is unchanged
config.status:1428: executing depfiles commands
config.status:1428: executing libtool commands

## ---------------- ##
## Cache variables. ##
## ---------------- ##

ac_cv_build=armv7l-unknown-linux-gnueabihf
ac_cv_c_compiler_gnu=yes
ac_cv_c_int16_t=yes
ac_cv_c_int32_t=yes
ac_cv_c_uint16_t=yes
ac_cv_c_uint32_t=yes
ac_cv_c_uint64_t=yes
ac_cv_c_uint8_t=yes
ac_cv_env_CC_set=
ac_cv_env_CC_value=
ac_cv_env_CFLAGS_set=
ac_cv_env_CFLAGS_value=
ac_cv_env_CPPFLAGS_set=
ac_cv_env_CPPFLAGS_value=
ac_cv_env_CPP_set=
ac_cv_env_CPP_value=
ac_cv_env_LDFLAGS_set=
ac_cv_env_LDFLAGS_value=
ac_cv_env_LIBS_set=
ac_cv_env_LIBS_value=
ac_cv_env_LT_SYS_LIBRARY_PATH_set=
ac_cv_env_LT_SYS_LIBRARY_PATH_value=
ac_cv_env_PKG_CONFIG_LIBDIR_set=
ac_cv_env_PKG_CONFIG_LIBDIR_value=
ac_cv_env_PKG_CONFIG_PATH_set=
ac_cv_env_PKG_CONFIG_PATH_value=
ac_cv_env_PKG_CONFIG_set=
ac_cv_env_PKG_CONFIG_value=
ac_cv_env_build_alias_set=
ac_cv_env_build_alias_value=
ac_cv_env_host_alias_set=
ac_cv_env_host_alias_value=
ac_cv_env_libpcsclite_CFLAGS_set=
ac_cv_env_libpcsclite_CFLAGS_value=
ac_cv_env_libpcsclite_LIBS_set=
ac_cv_env_libpcsclite_LIBS_value=
ac_cv_env_libusb_CFLAGS_set=
ac_cv_env_libusb_CFLAGS_value=
ac_cv_env_libusb_LIBS_set=
ac_cv_env_libusb_LIBS_value=
ac_cv_env_target_alias_set=
ac_cv_env_target_alias_value=
ac_cv_func_memmove=yes
ac_cv_func_memset=yes
ac_cv_func_select=yes
ac_cv_func_strdup=yes
ac_cv_func_strerror=yes
ac_cv_func_strstr=yes
ac_cv_func_strtol=yes
ac_cv_func_usleep=yes
ac_cv_header_dlfcn_h=yes
ac_cv_header_fcntl_h=yes
ac_cv_header_inttypes_h=yes
ac_cv_header_limits_h=yes
ac_cv_header_linux_i2c_dev_h=yes
ac_cv_header_linux_spi_spidev_h=yes
ac_cv_header_memory_h=yes
ac_cv_header_stdbool_h=yes
ac_cv_header_stdc=yes
ac_cv_header_stddef_h=yes
ac_cv_header_stdint_h=yes
ac_cv_header_stdio_h=yes
ac_cv_header_stdlib_h=yes
ac_cv_header_string_h=yes
ac_cv_header_strings_h=yes
ac_cv_header_sys_ioctl_h=yes
ac_cv_header_sys_param_h=yes
ac_cv_header_sys_stat_h=yes
ac_cv_header_sys_time_h=yes
ac_cv_header_sys_types_h=yes
ac_cv_header_termios_h=yes
ac_cv_header_unistd_h=yes
ac_cv_host=armv7l-unknown-linux-gnueabihf
ac_cv_objext=o
ac_cv_path_EGREP='/bin/grep -E'
ac_cv_path_FGREP='/bin/grep -F'
ac_cv_path_GREP=/bin/grep
ac_cv_path_SED=/bin/sed
ac_cv_path_ac_pt_PKG_CONFIG=/usr/bin/pkg-config
ac_cv_path_install='/usr/bin/install -c'
ac_cv_path_lt_DD=/bin/dd
ac_cv_path_mkdir=/bin/mkdir
ac_cv_prog_AWK=mawk
ac_cv_prog_CPP='gcc -E'
ac_cv_prog_ac_ct_AR=ar
ac_cv_prog_ac_ct_CC=gcc
ac_cv_prog_ac_ct_MANIFEST_TOOL=mt
ac_cv_prog_ac_ct_OBJDUMP=objdump
ac_cv_prog_ac_ct_RANLIB=ranlib
ac_cv_prog_ac_ct_STRIP=strip
ac_cv_prog_cc_c89=
ac_cv_prog_cc_g=yes
ac_cv_prog_make_make_set=yes
ac_cv_type__Bool=yes
ac_cv_type_off_t=yes
ac_cv_type_size_t=yes
ac_cv_use_cutter=no
am_cv_CC_dependencies_compiler_type=gcc3
am_cv_ar_interface=ar
am_cv_make_support_nested_variables=yes
am_cv_prog_cc_c_o=yes
lt_cv_ar_at_file=@
lt_cv_archive_cmds_need_lc=no
lt_cv_deplibs_check_method=pass_all
lt_cv_file_magic_cmd='$MAGIC_CMD'
lt_cv_file_magic_test_file=
lt_cv_ld_reload_flag=-r
lt_cv_nm_interface='BSD nm'
lt_cv_objdir=.libs
lt_cv_path_LD=/usr/bin/ld
lt_cv_path_NM='/usr/bin/nm -B'
lt_cv_path_mainfest_tool=no
lt_cv_prog_compiler_c_o=yes
lt_cv_prog_compiler_pic='-fPIC -DPIC'
lt_cv_prog_compiler_pic_works=yes
lt_cv_prog_compiler_rtti_exceptions=no
lt_cv_prog_compiler_static_works=yes
lt_cv_prog_gnu_ld=yes
lt_cv_sharedlib_from_linklib_cmd='printf %s\n'
lt_cv_shlibpath_overrides_runpath=no
lt_cv_sys_global_symbol_pipe='sed -n -e '\''s/^.*[	 ]\([ABCDGIRSTW][ABCDGIRSTW]*\)[	 ][	 ]*\([_A-Za-z][_A-Za-z0-9]*\)$/\1 \2 \2/p'\'' | sed '\''/ __gnu_lto/d'\'''
lt_cv_sys_global_symbol_to_c_name_address='sed -n -e '\''s/^: \(.*\) .*$/  {"\1", (void *) 0},/p'\'' -e '\''s/^[ABCDGIRSTW][ABCDGIRSTW]* .* \(.*\)$/  {"\1", (void *) \&\1},/p'\'''
lt_cv_sys_global_symbol_to_c_name_address_lib_prefix='sed -n -e '\''s/^: \(.*\) .*$/  {"\1", (void *) 0},/p'\'' -e '\''s/^[ABCDGIRSTW][ABCDGIRSTW]* .* \(lib.*\)$/  {"\1", (void *) \&\1},/p'\'' -e '\''s/^[ABCDGIRSTW][ABCDGIRSTW]* .* \(.*\)$/  {"lib\1", (void *) \&\1},/p'\'''
lt_cv_sys_global_symbol_to_cdecl='sed -n -e '\''s/^T .* \(.*\)$/extern int \1();/p'\'' -e '\''s/^[ABCDGIRSTW][ABCDGIRSTW]* .* \(.*\)$/extern char \1;/p'\'''
lt_cv_sys_global_symbol_to_import=
lt_cv_sys_max_cmd_len=1572864
lt_cv_to_host_file_cmd=func_convert_file_noop
lt_cv_to_tool_file_cmd=func_convert_file_noop
lt_cv_truncate_bin='/bin/dd bs=4096 count=1'
pkg_cv_libpcsclite_CFLAGS='-pthread -I/usr/include/PCSC'
pkg_cv_libpcsclite_LIBS=-lpcsclite
pkg_cv_libusb_CFLAGS=
pkg_cv_libusb_LIBS=-lusb

## ----------------- ##
## Output variables. ##
## ----------------- ##

ACLOCAL='${SHELL} /home/pi/breach_case/attacks/NFC/libnfc-1.7.1/missing aclocal-1.15'
AMDEPBACKSLASH='\'
AMDEP_FALSE='#'
AMDEP_TRUE=''
AMTAR='$${TAR-tar}'
AM_BACKSLASH='\'
AM_DEFAULT_V='$(AM_DEFAULT_VERBOSITY)'
AM_DEFAULT_VERBOSITY='0'
AM_V='$(V)'
AR='ar'
AUTOCONF='${SHELL} /home/pi/breach_case/attacks/NFC/libnfc-1.7.1/missing autoconf'
AUTOHEADER='${SHELL} /home/pi/breach_case/attacks/NFC/libnfc-1.7.1/missing autoheader'
AUTOMAKE='${SHELL} /home/pi/breach_case/attacks/NFC/libnfc-1.7.1/missing automake-1.15'
AWK='mawk'
CC='gcc'
CCDEPMODE='depmode=gcc3'
CFLAGS='-g -O2 -Wall -pedantic -Wextra -std=c99 -Du_int8_t=uint8_t -Du_int16_t=uint16_t'
CPP='gcc -E'
CPPFLAGS=''
CYGPATH_W='echo'
DEFS='-DHAVE_CONFIG_H'
DEPDIR='.deps'
DLLTOOL='false'
DOC_ENABLED_FALSE=''
DOC_ENABLED_TRUE='#'
DOXYGEN=''
DRIVERS_CFLAGS=' -DDRIVER_ACR122_PCSC_ENABLED -DDRIVER_ACR122_USB_ENABLED -DDRIVER_ACR122S_ENABLED -DDRIVER_ARYGON_ENABLED -DDRIVER_PN53X_USB_ENABLED -DDRIVER_PN532_UART_ENABLED -DDRIVER_PN532_SPI_ENABLED -DDRIVER_PN532_I2C_ENABLED'
DRIVER_ACR122S_ENABLED_FALSE='#'
DRIVER_ACR122S_ENABLED_TRUE=''
DRIVER_ACR122_PCSC_ENABLED_FALSE='#'
DRIVER_ACR122_PCSC_ENABLED_TRUE=''
DRIVER_ACR122_USB_ENABLED_FALSE='#'
DRIVER_ACR122_USB_ENABLED_TRUE=''
DRIVER_ARYGON_ENABLED_FALSE='#'
DRIVER_ARYGON_ENABLED_TRUE=''
DRIVER_PN532_I2C_ENABLED_FALSE='#'
DRIVER_PN532_I2C_ENABLED_TRUE=''
DRIVER_PN532_SPI_ENABLED_FALSE='#'
DRIVER_PN532_SPI_ENABLED_TRUE=''
DRIVER_PN532_UART_ENABLED_FALSE='#'
DRIVER_PN532_UART_ENABLED_TRUE=''
DRIVER_PN53X_USB_ENABLED_FALSE='#'
DRIVER_PN53X_USB_ENABLED_TRUE=''
DSYMUTIL=''
DUMPBIN=''
ECHO_C=''
ECHO_N='-n'
ECHO_T=''
EGREP='/bin/grep -E'
EXEEXT=''
FGREP='/bin/grep -F'
GREP='/bin/grep'
I2C_ENABLED_FALSE='#'
I2C_ENABLED_TRUE=''
INSTALL_DATA='${INSTALL} -m 644'
INSTALL_PROGRAM='${INSTALL}'
INSTALL_SCRIPT='${INSTALL}'
INSTALL_STRIP_PROGRAM='$(install_sh) -c -s'
LD='/usr/bin/ld'
LDFLAGS=''
LIBNFC_CFLAGS='-I$(top_srcdir)/libnfc -I$(top_builddir)/include -I$(top_srcdir)/include'
LIBOBJS=''
LIBS=''
LIBTOOL='$(SHELL) $(top_builddir)/libtool'
LIBUSB_ENABLED_FALSE='#'
LIBUSB_ENABLED_TRUE=''
LIPO=''
LN_S='ln -s'
LTLIBOBJS=''
LT_SYS_LIBRARY_PATH=''
MAKEINFO='${SHELL} /home/pi/breach_case/attacks/NFC/libnfc-1.7.1/missing makeinfo'
MANIFEST_TOOL=':'
MKDIR_P='/bin/mkdir -p'
NM='/usr/bin/nm -B'
NMEDIT=''
OBJDUMP='objdump'
OBJEXT='o'
OTOOL64=''
OTOOL=''
PACKAGE='libnfc'
PACKAGE_BUGREPORT='nfc-tools@googlegroups.com'
PACKAGE_NAME='libnfc'
PACKAGE_STRING='libnfc 1.7.1'
PACKAGE_TARNAME='libnfc'
PACKAGE_URL=''
PACKAGE_VERSION='1.7.1'
PATH_SEPARATOR=':'
PCSC_ENABLED_FALSE='#'
PCSC_ENABLED_TRUE=''
PKG_CONFIG='/usr/bin/pkg-config'
PKG_CONFIG_LIBDIR=''
PKG_CONFIG_PATH=''
PKG_CONFIG_REQUIRES=' libusb, libpcsclite'
POSIX_ONLY_EXAMPLES_ENABLED_FALSE='#'
POSIX_ONLY_EXAMPLES_ENABLED_TRUE=''
RANLIB='ranlib'
READLINE_INCLUDES=''
READLINE_LIBS=''
SED='/bin/sed'
SET_MAKE=''
SHELL='/bin/bash'
SPI_ENABLED_FALSE='#'
SPI_ENABLED_TRUE=''
STRIP='strip'
UART_ENABLED_FALSE='#'
UART_ENABLED_TRUE=''
VERSION='1.7.1'
WITH_CONFFILES_FALSE='#'
WITH_CONFFILES_TRUE=''
WITH_CUTTER_FALSE=''
WITH_CUTTER_TRUE='#'
WITH_DEBUG_FALSE=''
WITH_DEBUG_TRUE='#'
WITH_ENVVARS_FALSE='#'
WITH_ENVVARS_TRUE=''
WITH_LOG_FALSE='#'
WITH_LOG_TRUE=''
ac_ct_AR='ar'
ac_ct_CC='gcc'
ac_ct_DUMPBIN=''
am__EXEEXT_FALSE=''
am__EXEEXT_TRUE='#'
am__fastdepCC_FALSE='#'
am__fastdepCC_TRUE=''
am__include='include'
am__isrc=''
am__leading_dot='.'
am__nodep='_no'
am__quote=''
am__tar='$${TAR-tar} chof - "$$tardir"'
am__untar='$${TAR-tar} xf -'
bindir='${exec_prefix}/bin'
build='armv7l-unknown-linux-gnueabihf'
build_alias=''
build_cpu='armv7l'
build_os='linux-gnueabihf'
build_vendor='unknown'
datadir='${datarootdir}'
datarootdir='${prefix}/share'
docdir='${datarootdir}/doc/${PACKAGE_TARNAME}'
dvidir='${docdir}'
exec_prefix='${prefix}'
host='armv7l-unknown-linux-gnueabihf'
host_alias=''
host_cpu='armv7l'
host_os='linux-gnueabihf'
host_vendor='unknown'
htmldir='${docdir}'
includedir='${prefix}/include'
infodir='${datarootdir}/info'
install_sh='${SHELL} /home/pi/breach_case/attacks/NFC/libnfc-1.7.1/install-sh'
libdir='${exec_prefix}/lib'
libexecdir='${exec_prefix}/libexec'
libpcsclite_CFLAGS='-pthread -I/usr/include/PCSC'
libpcsclite_LIBS='-lpcsclite'
libusb_CFLAGS=''
libusb_CONFIG=''
libusb_LIBS='-lusb'
localedir='${datarootdir}/locale'
localstatedir='${prefix}/var'
mandir='${datarootdir}/man'
mkdir_p='$(MKDIR_P)'
oldincludedir='/usr/include'
pdfdir='${docdir}'
prefix='/usr'
program_transform_name='s,x,x,'
psdir='${docdir}'
runstatedir='${localstatedir}/run'
sbindir='${exec_prefix}/sbin'
sharedstatedir='${prefix}/com'
sysconfdir='/etc'
target_alias=''

## ----------- ##
## confdefs.h. ##
## ----------- ##

/* confdefs.h */
#define PACKAGE_NAME "libnfc"
#define PACKAGE_TARNAME "libnfc"
#define PACKAGE_VERSION "1.7.1"
#define PACKAGE_STRING "libnfc 1.7.1"
#define PACKAGE_BUGREPORT "nfc-tools@googlegroups.com"
#define PACKAGE_URL ""
#define PACKAGE "libnfc"
#define VERSION "1.7.1"
#define STDC_HEADERS 1
#define HAVE_SYS_TYPES_H 1
#define HAVE_SYS_STAT_H 1
#define HAVE_STDLIB_H 1
#define HAVE_STRING_H 1
#define HAVE_MEMORY_H 1
#define HAVE_STRINGS_H 1
#define HAVE_INTTYPES_H 1
#define HAVE_STDINT_H 1
#define HAVE_UNISTD_H 1
#define HAVE_DLFCN_H 1
#define LT_OBJDIR ".libs/"
#define STDC_HEADERS 1
#define HAVE__BOOL 1
#define HAVE_STDBOOL_H 1
#define HAVE_FCNTL_H 1
#define HAVE_LIMITS_H 1
#define HAVE_STDIO_H 1
#define HAVE_STDLIB_H 1
#define HAVE_STDINT_H 1
#define HAVE_STDDEF_H 1
#define HAVE_STDBOOL_H 1
#define HAVE_SYS_IOCTL_H 1
#define HAVE_SYS_PARAM_H 1
#define HAVE_SYS_TIME_H 1
#define HAVE_TERMIOS_H 1
#define HAVE_LINUX_SPI_SPIDEV_H 1
#define HAVE_LINUX_I2C_DEV_H 1
#define HAVE_MEMMOVE 1
#define _XOPEN_SOURCE 600
#define HAVE_MEMSET 1
#define _XOPEN_SOURCE 600
#define HAVE_SELECT 1
#define _XOPEN_SOURCE 600
#define HAVE_STRDUP 1
#define _XOPEN_SOURCE 600
#define HAVE_STRERROR 1
#define _XOPEN_SOURCE 600
#define HAVE_STRSTR 1
#define _XOPEN_SOURCE 600
#define HAVE_STRTOL 1
#define _XOPEN_SOURCE 600
#define HAVE_USLEEP 1
#define _XOPEN_SOURCE 600
#define _NETBSD_SOURCE 1
#define _DARWIN_C_SOURCE 1
#define LOG 1
#define CONFFILES 1
#define ENVVARS 1

configure: exit 0
